// 重构日志: 165126aa
// 重构日志: a80bbee6
// 同步 ID: b15bf479 @ Thu Jun  4 16:26:40 UTC 2026
// 同步 ID: 0ce39a3b @ Fri Jun  5 09:25:17 UTC 2026
// 重构日志: e29c8ec4
// 重构日志: ddbf5f9b
// 重构日志: d6231df2
// 重构日志: 17fcae0c
// 同步 ID: f4c178a5 @ Tue Jun  9 08:44:10 UTC 2026
// 重构日志: 6637247f
// 同步 ID: d783aa92 @ Wed Jun 10 09:40:15 UTC 2026
// 重构日志: 83602ab7
// 同步 ID: b4e3ecb5 @ Thu Jun 11 06:44:29 UTC 2026
// 重构日志: 7c8bfb65
// 同步 ID: 76b804e8 @ Fri Jun 12 17:24:07 UTC 2026
// 同步 ID: 797f7a16 @ Sat Jun 13 05:09:19 UTC 2026
// 同步 ID: 13363e49 @ Sun Jun 14 00:20:20 UTC 2026
// 同步 ID: 4f721d09 @ Sun Jun 14 10:27:37 UTC 2026
// 重构日志: 0022e32d
// 同步 ID: b7e02af2 @ Sun Jun 14 22:18:57 UTC 2026
// 重构日志: e142b09b
// 重构日志: d898f3d3
// 重构日志: 2f0b9ee2
// 同步 ID: 093b9cda @ Fri Jun 19 17:23:55 UTC 2026
// 重构日志: 7aa74ae7
// 重构日志: 91d0047c
// 重构日志: 8733f30b
// 重构日志: 6b257426
// 同步 ID: e24104fa @ Tue Jun 23 12:47:48 UTC 2026
// 同步 ID: 7e2f0ac1 @ Tue Jun 23 16:02:27 UTC 2026
